2026-05-16 15:33:31 - report-checker - INFO - POST /auth/login - 200 - 1.112s
2026-05-16 15:33:59 - report-checker - INFO - HTTP Request: POST http://localhost:8001/analyze/image "HTTP/1.1 200 OK"
2026-05-16 15:33:59 - report-checker - INFO - POST /api/analyze/image - 200 - 5.177s
2026-05-16 15:34:09 - report-checker - INFO - POST /api/save-results - 200 - 0.094s
2026-05-16 15:34:53 - report-checker - INFO - HTTP Request: POST http://localhost:8001/analyze/video "HTTP/1.1 200 OK"
2026-05-16 15:34:53 - report-checker - INFO - POST /api/analyze/video - 200 - 19.965s
2026-05-16 15:35:38 - report-checker - INFO - POST /api/save-video-results - 200 - 0.506s
2026-05-16 15:36:41 - report-checker - INFO - HTTP Request: POST http://localhost:8001/analyze/video "HTTP/1.1 200 OK"
2026-05-16 15:36:41 - report-checker - INFO - POST /api/analyze/video - 200 - 14.260s
2026-05-16 15:37:19 - report-checker - INFO - POST /api/save-video-results - 200 - 0.213s
2026-05-16 15:37:27 - report-checker - INFO - GET /api/report/daily - 200 - 0.135s
2026-05-16 15:37:35 - report-checker - INFO - GET /api/report/daily/download - 200 - 0.263s
2026-05-16 15:37:45 - report-checker - INFO - GET /api/history - 200 - 0.035s
2026-05-16 15:37:48 - report-checker - INFO - GET /api/report/weld/WELD-20260516-FV9IP8/pdf - 200 - 0.982s
2026-05-16 15:41:39 - report-checker - INFO - POST /auth/login - 200 - 1.123s
2026-05-16 15:41:49 - report-checker - INFO - GET /metrics - 200 - 0.005s
2026-05-16 15:42:24 - report-checker - INFO - HTTP Request: POST http://localhost:8001/analyze/image "HTTP/1.1 200 OK"
2026-05-16 15:42:24 - report-checker - INFO - POST /api/analyze/image - 200 - 3.574s
2026-05-16 15:42:35 - report-checker - INFO - POST /api/save-results - 200 - 0.165s
2026-05-16 15:42:42 - report-checker - INFO - GET /api/history - 200 - 0.031s
2026-05-16 15:42:43 - report-checker - INFO - GET /api/report/weld/WELD-20260516-S54Q74/pdf - 200 - 0.467s
2026-05-16 15:42:50 - report-checker - INFO - GET /metrics - 200 - 0.019s
2026-05-16 15:50:57 - report-checker - INFO - POST /auth/login - 200 - 1.075s
2026-05-16 15:51:26 - report-checker - INFO - HTTP Request: POST http://localhost:8001/analyze/video "HTTP/1.1 200 OK"
2026-05-16 15:51:27 - report-checker - INFO - POST /api/analyze/video - 200 - 18.671s
2026-05-16 15:51:40 - report-checker - INFO - POST /api/save-video-results - 200 - 0.413s
2026-05-16 15:51:55 - report-checker - INFO - GET /api/history - 200 - 0.034s
2026-05-16 15:52:02 - report-checker - INFO - GET /api/report/weld/WELD-20260516-01T0H5/pdf - 200 - 4.958s
2026-05-16 15:58:51 - report-checker - INFO - HTTP Request: POST http://localhost:8001/analyze/video "HTTP/1.1 200 OK"
2026-05-16 15:58:52 - report-checker - INFO - POST /api/analyze/video - 200 - 18.636s
2026-05-16 15:59:39 - report-checker - INFO - POST /api/save-video-results - 200 - 0.413s
2026-05-16 15:59:53 - report-checker - INFO - GET /api/history - 200 - 0.024s
2026-05-16 15:59:59 - report-checker - INFO - GET /api/report/weld/WELD-20260516-17XYJL/pdf - 200 - 4.809s
2026-05-16 16:00:25 - report-checker - INFO - GET /api/history - 200 - 0.022s
2026-05-16 16:00:27 - report-checker - INFO - GET /api/history - 200 - 0.020s
2026-05-16 16:00:33 - report-checker - INFO - GET /api/report/weld/WELD-20260516-17XYJL/pdf - 200 - 4.971s
2026-05-16 16:01:10 - report-checker - INFO - HTTP Request: POST http://localhost:8001/analyze/video "HTTP/1.1 200 OK"
2026-05-16 16:01:11 - report-checker - INFO - POST /api/analyze/video - 200 - 18.765s
2026-05-16 16:01:19 - report-checker - INFO - POST /api/save-video-results - 200 - 0.465s
2026-05-16 16:13:35 - report-checker - INFO - HTTP Request: POST http://localhost:8001/analyze/video "HTTP/1.1 200 OK"
2026-05-16 16:13:36 - report-checker - INFO - POST /api/analyze/video - 200 - 18.734s
2026-05-16 16:13:46 - report-checker - INFO - POST /api/save-video-results - 200 - 0.364s
2026-05-16 16:13:53 - report-checker - INFO - GET /api/history - 200 - 0.025s
2026-05-16 16:13:59 - report-checker - INFO - GET /api/report/weld/WELD-20260516-J28VUZ/pdf - 200 - 4.765s
2026-05-16 16:14:16 - report-checker - INFO - GET /api/report/daily - 200 - 0.116s
2026-05-16 16:14:17 - report-checker - INFO - GET /api/report/daily/download - 200 - 0.343s
2026-05-16 16:48:18 - report-checker - INFO - POST /auth/login - 200 - 0.399s
2026-05-16 16:48:42 - report-checker - INFO - HTTP Request: POST http://localhost:8001/analyze/image "HTTP/1.1 200 OK"
2026-05-16 16:48:42 - report-checker - INFO - POST /api/analyze/image - 200 - 2.565s
2026-05-16 16:49:14 - report-checker - INFO - POST /api/save-results - 200 - 0.061s
2026-05-16 16:50:42 - report-checker - INFO - HTTP Request: POST http://localhost:8001/analyze/video "HTTP/1.1 200 OK"
2026-05-16 16:50:42 - report-checker - INFO - POST /api/analyze/video - 200 - 11.160s
2026-05-16 16:50:53 - report-checker - INFO - POST /api/save-video-results - 200 - 0.139s
2026-05-16 16:51:49 - report-checker - INFO - GET /api/report/daily - 200 - 0.022s
2026-05-16 16:51:55 - report-checker - INFO - GET /api/report/daily/download - 200 - 0.093s
2026-05-16 16:52:21 - report-checker - INFO - GET /api/history - 200 - 0.008s
2026-05-16 16:52:25 - report-checker - INFO - GET /api/report/weld/WELD-20260516-E0CKP2/pdf - 200 - 2.174s
2026-05-16 16:52:50 - report-checker - INFO - GET /api/report/weld/WELD-20260516-WCL0EA/pdf - 200 - 0.187s
2026-05-16 16:57:31 - report-checker - INFO - POST /auth/login - 200 - 0.470s
2026-05-16 16:58:35 - report-checker - INFO - GET /api/report/daily - 200 - 0.029s
2026-05-16 16:58:36 - report-checker - INFO - GET /api/report/daily/download - 200 - 0.059s
2026-05-16 16:58:50 - report-checker - INFO - GET /api/history - 200 - 0.011s
2026-05-16 16:58:54 - report-checker - INFO - GET /api/report/weld/WELD-20260516-E0CKP2/pdf - 200 - 2.261s
2026-05-16 17:03:10 - report-checker - INFO - POST /auth/login - 200 - 0.373s
2026-05-16 17:03:13 - report-checker - INFO - GET /api/report/daily - 200 - 0.028s
2026-05-16 17:03:15 - report-checker - INFO - GET /api/report/daily/download - 200 - 0.068s
2026-05-16 17:03:26 - report-checker - INFO - GET /api/history - 200 - 0.010s
2026-05-16 17:03:29 - report-checker - INFO - GET /api/report/weld/WELD-20260516-E0CKP2/pdf - 200 - 2.233s
2026-05-16 17:03:54 - report-checker - INFO - GET /api/report/weld/WELD-20260516-WCL0EA/pdf - 200 - 0.176s
2026-05-16 17:12:39 - report-checker - INFO - POST /auth/login - 200 - 0.475s
2026-05-16 17:12:43 - report-checker - INFO - GET /api/report/daily - 200 - 0.041s
2026-05-16 17:12:44 - report-checker - INFO - GET /api/report/daily/download - 200 - 0.103s
2026-05-16 17:12:56 - report-checker - INFO - GET /api/history - 200 - 0.016s
2026-05-16 17:12:59 - report-checker - INFO - GET /api/report/weld/WELD-20260516-E0CKP2/pdf - 200 - 2.133s
2026-05-16 17:20:27 - report-checker - INFO - POST /auth/login - 200 - 0.587s
2026-05-16 17:20:54 - report-checker - INFO - HTTP Request: POST http://localhost:8001/analyze/image "HTTP/1.1 200 OK"
2026-05-16 17:20:54 - report-checker - INFO - POST /api/analyze/image - 200 - 2.439s
2026-05-16 17:21:42 - report-checker - INFO - HTTP Request: POST http://localhost:8001/analyze/video "HTTP/1.1 200 OK"
2026-05-16 17:21:42 - report-checker - INFO - POST /api/analyze/video - 200 - 11.490s
2026-05-16 17:30:25 - report-checker - INFO - HTTP Request: POST http://localhost:8001/analyze/image "HTTP/1.1 200 OK"
2026-05-16 17:30:25 - report-checker - INFO - POST /api/analyze/image - 200 - 2.483s
2026-05-16 17:30:52 - report-checker - INFO - POST /api/save-results - 200 - 0.171s
2026-05-16 17:31:27 - report-checker - INFO - HTTP Request: POST http://localhost:8001/analyze/video "HTTP/1.1 200 OK"
2026-05-16 17:31:28 - report-checker - INFO - POST /api/analyze/video - 200 - 11.313s
2026-05-16 17:32:05 - report-checker - INFO - POST /api/save-video-results - 200 - 0.244s
2026-05-16 17:54:01 - report-checker - INFO - POST /auth/login - 200 - 0.361s
2026-05-16 17:54:27 - report-checker - INFO - HTTP Request: POST http://localhost:8001/analyze/image "HTTP/1.1 200 OK"
2026-05-16 17:54:27 - report-checker - INFO - POST /api/analyze/image - 200 - 2.470s
2026-05-16 17:55:20 - report-checker - INFO - POST /api/save-results - 200 - 0.110s
2026-05-16 17:56:42 - report-checker - INFO - HTTP Request: POST http://localhost:8001/analyze/video "HTTP/1.1 200 OK"
2026-05-16 17:56:43 - report-checker - INFO - POST /api/analyze/video - 200 - 11.195s
2026-05-16 17:57:54 - report-checker - INFO - POST /auth/login - 200 - 0.233s
2026-05-16 17:58:16 - report-checker - INFO - HTTP Request: POST http://localhost:8001/analyze/video "HTTP/1.1 200 OK"
2026-05-16 17:58:17 - report-checker - INFO - POST /api/analyze/video - 200 - 11.128s
2026-05-16 17:58:44 - report-checker - INFO - POST /auth/login - 200 - 0.258s
2026-05-16 17:59:05 - report-checker - INFO - HTTP Request: POST http://localhost:8001/analyze/video "HTTP/1.1 200 OK"
2026-05-16 17:59:05 - report-checker - INFO - POST /api/analyze/video - 200 - 11.129s
2026-05-16 17:59:32 - report-checker - INFO - POST /api/save-video-results - 500 - 0.111s
2026-05-16 18:03:13 - report-checker - INFO - POST /api/save-video-results - 200 - 0.314s
2026-05-16 18:03:23 - report-checker - INFO - GET /api/report/daily - 200 - 0.051s
2026-05-16 18:03:25 - report-checker - INFO - GET /api/report/daily/download - 200 - 0.080s
2026-05-16 18:03:52 - report-checker - INFO - GET /api/history - 200 - 0.005s
2026-05-16 18:03:53 - report-checker - INFO - GET /api/report/weld/WELD-20260516-5RK8KI/pdf - 500 - 0.022s
2026-05-16 18:07:54 - report-checker - INFO - POST /auth/login - 200 - 0.369s
2026-05-16 18:07:57 - report-checker - INFO - GET /api/history - 200 - 0.012s
2026-05-16 18:08:01 - report-checker - INFO - GET /api/report/weld/WELD-20260516-5RK8KI/pdf - 200 - 2.175s
2026-05-16 18:08:18 - report-checker - INFO - GET /api/report/weld/WELD-20260516-HLTWXA/pdf - 200 - 0.205s
2026-05-16 18:28:55 - report-checker - INFO - HTTP Request: POST http://localhost:8001/analyze/image "HTTP/1.1 200 OK"
2026-05-16 18:28:55 - report-checker - INFO - POST /api/analyze/image - 200 - 2.601s
2026-05-16 18:35:22 - report-checker - INFO - POST /auth/login - 200 - 0.529s
2026-05-16 18:35:33 - report-checker - INFO - HTTP Request: POST http://localhost:8001/analyze/image "HTTP/1.1 200 OK"
2026-05-16 18:35:33 - report-checker - INFO - POST /api/analyze/image - 200 - 2.452s
2026-05-16 18:38:07 - report-checker - INFO - POST /api/save-results - 200 - 0.132s
2026-05-16 18:38:13 - report-checker - INFO - GET /api/history - 200 - 0.010s
2026-05-16 18:38:14 - report-checker - INFO - GET /api/report/weld/WELD-20260516-XELYAK/pdf - 200 - 0.231s
2026-05-16 18:49:07 - report-checker - INFO - POST /auth/login - 200 - 0.454s
2026-05-16 18:49:17 - report-checker - INFO - HTTP Request: POST http://localhost:8001/analyze/image "HTTP/1.1 200 OK"
2026-05-16 18:49:17 - report-checker - INFO - POST /api/analyze/image - 200 - 2.508s
2026-05-16 19:41:46 - report-checker - INFO - POST /auth/login - 200 - 0.706s
2026-05-16 19:42:02 - report-checker - INFO - HTTP Request: POST http://localhost:8001/analyze/image "HTTP/1.1 200 OK"
2026-05-16 19:42:02 - report-checker - INFO - POST /api/analyze/image - 200 - 3.982s
2026-05-16 19:43:05 - report-checker - INFO - HTTP Request: POST http://localhost:8001/analyze/video "HTTP/1.1 200 OK"
2026-05-16 19:43:05 - report-checker - INFO - POST /api/analyze/video - 200 - 18.857s
2026-05-17 17:36:01 - report-checker - INFO - POST /auth/login - 200 - 1.072s
2026-05-17 17:36:28 - report-checker - INFO - HTTP Request: POST http://localhost:8001/analyze/image "HTTP/1.1 200 OK"
2026-05-17 17:36:28 - report-checker - INFO - POST /api/analyze/image - 200 - 6.195s
2026-05-17 17:36:55 - report-checker - INFO - POST /api/save-results - 500 - 0.218s
2026-05-17 17:39:54 - report-checker - INFO - POST /api/save-results - 200 - 0.129s
2026-05-17 17:48:07 - report-checker - INFO - HTTP Request: POST http://localhost:8001/analyze/image "HTTP/1.1 200 OK"
2026-05-17 17:48:07 - report-checker - INFO - POST /api/analyze/image - 200 - 3.785s
2026-05-17 17:48:12 - report-checker - INFO - POST /api/save-results - 200 - 0.261s
2026-05-17 17:48:48 - report-checker - INFO - HTTP Request: POST http://localhost:8001/analyze/video "HTTP/1.1 200 OK"
2026-05-17 17:48:48 - report-checker - INFO - POST /api/analyze/video - 200 - 20.538s
2026-05-17 17:50:04 - report-checker - INFO - POST /api/save-video-results - 200 - 0.688s
2026-05-17 17:58:35 - report-checker - INFO - POST /auth/login - 200 - 1.217s
2026-05-17 17:59:06 - report-checker - INFO - HTTP Request: POST http://localhost:8001/analyze/image "HTTP/1.1 200 OK"
2026-05-17 17:59:06 - report-checker - INFO - POST /api/analyze/image - 200 - 5.483s
2026-05-17 17:59:13 - report-checker - INFO - POST /api/save-results - 500 - 0.060s
2026-05-17 18:01:18 - report-checker - INFO - POST /auth/login - 200 - 1.247s
2026-05-17 18:01:37 - report-checker - INFO - HTTP Request: POST http://localhost:8001/analyze/image "HTTP/1.1 200 OK"
2026-05-17 18:01:37 - report-checker - INFO - POST /api/analyze/image - 200 - 3.788s
2026-05-17 18:01:45 - report-checker - INFO - POST /api/save-results - 200 - 0.241s
2026-05-17 18:12:51 - report-checker - INFO - POST /auth/login - 200 - 0.905s
2026-05-17 18:12:55 - report-checker - INFO - GET /api/report/daily - 200 - 0.142s
2026-05-17 18:12:58 - report-checker - INFO - GET /api/report/daily/download - 200 - 0.346s
2026-05-17 18:13:37 - report-checker - INFO - GET /api/history - 200 - 0.036s
2026-05-17 18:13:39 - report-checker - INFO - GET /api/report/weld/WELD-20260517-49UILN/pdf - 200 - 0.418s
2026-05-17 18:14:25 - report-checker - INFO - GET /api/report/weld/WELD-20260517-NSE9OB/pdf - 200 - 5.493s
2026-05-17 18:15:59 - report-checker - INFO - POST /auth/login - 200 - 1.372s
2026-05-17 18:16:00 - report-checker - INFO - GET /api/history - 200 - 0.053s
2026-05-17 18:16:02 - report-checker - INFO - GET /api/report/weld/WELD-20260517-49UILN/pdf - 200 - 0.753s
2026-05-17 18:18:49 - report-checker - INFO - POST /auth/login - 200 - 1.227s
2026-05-17 18:18:51 - report-checker - INFO - GET /api/history - 200 - 0.054s
2026-05-17 18:18:55 - report-checker - INFO - GET /api/report/weld/WELD-20260517-49UILN/pdf - 200 - 0.727s
